1709499191842:help
1709499202909:history
1709499207933:version
1709499413506:help
1709499417738:login
1709499424186:login wddw wf fw
1709501416879:help
1709501421025:login
1709501432158:emaewf
1709502059883:login
1709502068147:hubert.rybicki.hr@gmail.com
1709502854074:login
1709502861040:hubert.rybicki.hr@gmail.com
1709502997688:login
1709503000061:hubert.rybicki.hr@gmail.com
1709503044699:login
1709503046363:hubert.rybicki.hr@gmail.com
1709503602455:login
1709503611963:hubert.rybicki.hr@gmail.com
1709503741556:help
1709503869241:login
1709503892902:hubert.rybicki.hr@gmail.com
1709503926071:help
1709504334238:login
1709504347470:help
1709504353025:test
1709507525516:help
1709508419360:bfs
1709508423906:1,2,3
1709508428970:3,2,1
1709508430805:exit
1709508507895:bfs
1709508510705:1,2,3
1709508513634:3,2,1
1709508517666:5,3,2
1709508520599:exit
1709508523057:1
1709508626397:bfs
1709508631089:1,2,3
1709508635846:3,2,1
1709508648128:k,2,1
1709508657373:2,1,1
1709508659852:exit
1709508663156:j
1709508676976:1
1709508805152:bfs
1709508810426:1,23,4
1709508815491:6,5,1
1709508821683:-1,2,1
1709508825851:exit
1709508827795:3
1709509306827:bfs
1709509311424:1,2,3
1709509313897:3,2,1
1709509316097:eit
1709509318258:exit
1709509319661:1
1709509324813:0
1709509329506:2
1709509368436:bfs
1709509372638:1,2,3
1709509374498:3,2,1
1709509376499:exit
1709509377578:1
1709509396334:bfs
1709509401863:1,2,3
1709509403936:3,2,1
1709509405450:exit
1709509407406:1
1709509682885:bfs
1709509684685:1,2,3
1709509687028:3,2,1
1709509688888:exit
1709509689555:1
1709509692654:login
1709509700758:hubert.rybicki.hr@gmail.com
1709509707864:bfs
1709509710092:1,2,3
1709509712412:3,2,1
1709509715708:1,2
1709509719036:exit
1709509720792:1
1709509758129:login
1709509765375:hubert.rybicki.hr@gmail.com
1709509771226:bfs
1709509773952:1,2,3
1709509776024:3,2,1
1709509777795:1,2
1709509779171:exit
1709509781206:1
1709509995238:bfs
1709509997098:1,2,3
1709509998900:3,2,1
1709510001138:2,1
1709510003377:exit
1709510005493:1
1709510058475:login
1709510066322:hubert.rybicki.hr@gmail.com
1709510071740:bfs
1709510073662:1,2,3
1709510077085:3,2,1
1709510079069:2,1
1709510081073:exit
1709510081678:1
1709510135779:bfs
1709510155828:1,3,4,6
1709510164388:0,2,4,5,6
1709510168036:1,3,5
1709510175372:0,2,4,6
1709510188521:0,1,3,7
1709510203519:1,2,6,7
1709510214730:0,1,3,5
1709510217879:4,5
1709510219723:exit
1709510225500:1
1709546921540:help
1709808296372:login
1709808307607:hubert.rybicki.hr@gmail.com
1709808311065:1234
1709811532443:help
1709811544159:login
1709811550650:hubert.rybicki.hr@gmail.com
1709811554070:1234
1709811559600:help
1709811562669:bfs
1709811565261:1,2,3
1709811567350:3,2,1
1709811571648:1,2
1709811573931:exit
1709811576538:0
1709811697109:fs
1709811698513:bfs
1709811706434:1,3,4,6
1709811714666:0,2,4,5,6
1709811718149:1,3,5
1709811724193:0,2,4,6
1709811734451:0,1,3,7
1709811741161:1,2,6,7
1709811748103:0,1,3,5
1709811751537:4,5
1709811753793:exit
1709811756643:1
1709811892322:dfs
1709811904611:2,4,5,7
1709811907636:4,6
1709811912268:0,3,6,7
1709811916567:2,6,7
1709811922910:0,1,5,6,7
1709811928419:0,4,6,7
1709811932947:1,2,3,4,5
1709811938367:0,2,3,4,5
1709811940483:exit
1709811942566:2
1709811956380:login
1709811964726:hubert.rybicki.hr@gmail.com
1709811969296:1234
1709811973563:dfs
1709811983687:2,4,5,7
1709811991255:4,5
1709811997959:xit
1709812000580:exit
1709812002648:0
1709812026464:dfs
1709812033276:2,4,5,7
1709812036417:4,6
1709812040615:0,3,6,7
1709812044372:2,6,7
1709812047697:0,1,5,6,7
1709812052304:0,4,6,7
1709812055890:1,2,3,4,5
1709812060697:0,2,3,4,5
1709812062751:exit
1709812065183:2
1709812150844:login
1709812156369:hubert.rybicki.hr@gmail.com
1709812158324:1234
1709812161689:dfs
1709812165267:1,2
1709812168054:exit
1709812168974:2
1709812188999:login
1709812195282:hubert.rybicki.hr@gmail.com
1709812197152:1234
1709812201400:dfs
1709812203516:1,2
1709812205176:exit
1709812206700:0
